2021-07-30 17:34:25,031 DEBUG [InternalLoggerFactory] Using Log4J as the default logging framework 
2021-07-30 17:34:25,040 DEBUG [ResourceLeakDetector] -Dio.netty.leakDetection.level: simple 
2021-07-30 17:34:25,040 DEBUG [ResourceLeakDetector] -Dio.netty.leakDetection.targetRecords: 4 
2021-07-30 17:34:25,075 DEBUG [ResourceLeakDetectorFactory] Loaded default ResourceLeakDetector: io.netty.util.ResourceLeakDetector@6941827a 
2021-07-30 17:34:25,193 DEBUG [PlatformDependent] Platform: Windows 
2021-07-30 17:34:25,197 DEBUG [PlatformDependent0] -Dio.netty.noUnsafe: false 
2021-07-30 17:34:25,198 DEBUG [PlatformDependent0] Java version: 11 
2021-07-30 17:34:25,200 DEBUG [PlatformDependent0] sun.misc.Unsafe.theUnsafe: available 
2021-07-30 17:34:25,202 DEBUG [PlatformDependent0] sun.misc.Unsafe.copyMemory: available 
2021-07-30 17:34:25,204 DEBUG [PlatformDependent0] java.nio.Buffer.address: available 
2021-07-30 17:34:25,206 DEBUG [PlatformDependent0] direct buffer constructor: unavailable 
java.lang.UnsupportedOperationException: Reflective setAccessible(true) disabled
	at io.netty.util.internal.ReflectionUtil.trySetAccessible(ReflectionUtil.java:31)
	at io.netty.util.internal.PlatformDependent0$4.run(PlatformDependent0.java:238)
	at java.base/java.security.AccessController.doPrivileged(Native Method)
	at io.netty.util.internal.PlatformDependent0.<clinit>(PlatformDependent0.java:232)
	at io.netty.util.internal.PlatformDependent.isAndroid(PlatformDependent.java:293)
	at io.netty.util.internal.PlatformDependent.<clinit>(PlatformDependent.java:92)
	at io.netty.util.HashedWheelTimer.<init>(HashedWheelTimer.java:109)
	at io.netty.util.HashedWheelTimer.<init>(HashedWheelTimer.java:218)
	at io.netty.util.HashedWheelTimer.<init>(HashedWheelTimer.java:197)
	at org.openqa.selenium.remote.http.netty.NettyClient.<clinit>(NettyClient.java:51)
	at org.openqa.selenium.remote.http.netty.NettyClient$Factory.createClient(NettyClient.java:129)
	at org.openqa.selenium.remote.HttpCommandExecutor.<init>(HttpCommandExecutor.java:104)
	at org.openqa.selenium.remote.HttpCommandExecutor.<init>(HttpCommandExecutor.java:90)
	at org.openqa.selenium.remote.HttpCommandExecutor.<init>(HttpCommandExecutor.java:80)
	at org.openqa.selenium.remote.service.DriverCommandExecutor.<init>(DriverCommandExecutor.java:68)
	at org.openqa.selenium.chromium.ChromiumDriverCommandExecutor.<init>(ChromiumDriverCommandExecutor.java:78)
	at org.openqa.selenium.edge.EdgeDriver.<init>(EdgeDriver.java:44)
	at org.openqa.selenium.edge.EdgeDriver.<init>(EdgeDriver.java:36)
	at org.openqa.selenium.edge.EdgeDriver.<init>(EdgeDriver.java:33)
	at com.crm.config.BrowserFactory.getBrowser(BrowserFactory.java:33)
	at com.crm.config.BrowserDriver.getCurrentDriver(BrowserDriver.java:20)
	at com.crm.config.BrowserDriver.getCurrentDriver(BrowserDriver.java:31)
	at com.crm.tests.InitializeViews.init(InitializeViews.java:15)
	at com.crm.tests.CreateAccountTestScripts.init(CreateAccountTestScripts.java:37)
	at java.base/jdk.internal.reflect.NativeMethodAccessorImpl.invoke0(Native Method)
	at java.base/jdk.internal.reflect.NativeMethodAccessorImpl.invoke(NativeMethodAccessorImpl.java:62)
	at java.base/jdk.internal.reflect.DelegatingMethodAccessorImpl.invoke(DelegatingMethodAccessorImpl.java:43)
	at java.base/java.lang.reflect.Method.invoke(Method.java:566)
	at org.testng.internal.MethodInvocationHelper.invokeMethod(MethodInvocationHelper.java:133)
	at org.testng.internal.MethodInvocationHelper.invokeMethodConsideringTimeout(MethodInvocationHelper.java:62)
	at org.testng.internal.ConfigInvoker.invokeConfigurationMethod(ConfigInvoker.java:385)
	at org.testng.internal.ConfigInvoker.invokeConfigurations(ConfigInvoker.java:321)
	at org.testng.internal.TestMethodWorker.invokeBeforeClassMethods(TestMethodWorker.java:176)
	at org.testng.internal.TestMethodWorker.run(TestMethodWorker.java:122)
	at java.base/java.util.ArrayList.forEach(ArrayList.java:1541)
	at org.testng.TestRunner.privateRun(TestRunner.java:794)
	at org.testng.TestRunner.run(TestRunner.java:596)
	at org.testng.SuiteRunner.runTest(SuiteRunner.java:377)
	at org.testng.SuiteRunner.runSequentially(SuiteRunner.java:371)
	at org.testng.SuiteRunner.privateRun(SuiteRunner.java:332)
	at org.testng.SuiteRunner.run(SuiteRunner.java:276)
	at org.testng.SuiteRunnerWorker.runSuite(SuiteRunnerWorker.java:53)
	at org.testng.SuiteRunnerWorker.run(SuiteRunnerWorker.java:96)
	at org.testng.TestNG.runSuitesSequentially(TestNG.java:1212)
	at org.testng.TestNG.runSuitesLocally(TestNG.java:1134)
	at org.testng.TestNG.runSuites(TestNG.java:1063)
	at org.testng.TestNG.run(TestNG.java:1031)
	at org.testng.remote.AbstractRemoteTestNG.run(AbstractRemoteTestNG.java:115)
	at org.testng.remote.RemoteTestNG.initAndRun(RemoteTestNG.java:251)
	at org.testng.remote.RemoteTestNG.main(RemoteTestNG.java:77)
2021-07-30 17:34:25,212 DEBUG [PlatformDependent0] java.nio.Bits.unaligned: available, true 
2021-07-30 17:34:25,214 DEBUG [PlatformDependent0] jdk.internal.misc.Unsafe.allocateUninitializedArray(int): unavailable 
java.lang.IllegalAccessException: class io.netty.util.internal.PlatformDependent0$6 cannot access class jdk.internal.misc.Unsafe (in module java.base) because module java.base does not export jdk.internal.misc to unnamed module @1a760689
	at java.base/jdk.internal.reflect.Reflection.newIllegalAccessException(Reflection.java:361)
	at java.base/java.lang.reflect.AccessibleObject.checkAccess(AccessibleObject.java:591)
	at java.base/java.lang.reflect.Method.invoke(Method.java:558)
	at io.netty.util.internal.PlatformDependent0$6.run(PlatformDependent0.java:352)
	at java.base/java.security.AccessController.doPrivileged(Native Method)
	at io.netty.util.internal.PlatformDependent0.<clinit>(PlatformDependent0.java:343)
	at io.netty.util.internal.PlatformDependent.isAndroid(PlatformDependent.java:293)
	at io.netty.util.internal.PlatformDependent.<clinit>(PlatformDependent.java:92)
	at io.netty.util.HashedWheelTimer.<init>(HashedWheelTimer.java:109)
	at io.netty.util.HashedWheelTimer.<init>(HashedWheelTimer.java:218)
	at io.netty.util.HashedWheelTimer.<init>(HashedWheelTimer.java:197)
	at org.openqa.selenium.remote.http.netty.NettyClient.<clinit>(NettyClient.java:51)
	at org.openqa.selenium.remote.http.netty.NettyClient$Factory.createClient(NettyClient.java:129)
	at org.openqa.selenium.remote.HttpCommandExecutor.<init>(HttpCommandExecutor.java:104)
	at org.openqa.selenium.remote.HttpCommandExecutor.<init>(HttpCommandExecutor.java:90)
	at org.openqa.selenium.remote.HttpCommandExecutor.<init>(HttpCommandExecutor.java:80)
	at org.openqa.selenium.remote.service.DriverCommandExecutor.<init>(DriverCommandExecutor.java:68)
	at org.openqa.selenium.chromium.ChromiumDriverCommandExecutor.<init>(ChromiumDriverCommandExecutor.java:78)
	at org.openqa.selenium.edge.EdgeDriver.<init>(EdgeDriver.java:44)
	at org.openqa.selenium.edge.EdgeDriver.<init>(EdgeDriver.java:36)
	at org.openqa.selenium.edge.EdgeDriver.<init>(EdgeDriver.java:33)
	at com.crm.config.BrowserFactory.getBrowser(BrowserFactory.java:33)
	at com.crm.config.BrowserDriver.getCurrentDriver(BrowserDriver.java:20)
	at com.crm.config.BrowserDriver.getCurrentDriver(BrowserDriver.java:31)
	at com.crm.tests.InitializeViews.init(InitializeViews.java:15)
	at com.crm.tests.CreateAccountTestScripts.init(CreateAccountTestScripts.java:37)
	at java.base/jdk.internal.reflect.NativeMethodAccessorImpl.invoke0(Native Method)
	at java.base/jdk.internal.reflect.NativeMethodAccessorImpl.invoke(NativeMethodAccessorImpl.java:62)
	at java.base/jdk.internal.reflect.DelegatingMethodAccessorImpl.invoke(DelegatingMethodAccessorImpl.java:43)
	at java.base/java.lang.reflect.Method.invoke(Method.java:566)
	at org.testng.internal.MethodInvocationHelper.invokeMethod(MethodInvocationHelper.java:133)
	at org.testng.internal.MethodInvocationHelper.invokeMethodConsideringTimeout(MethodInvocationHelper.java:62)
	at org.testng.internal.ConfigInvoker.invokeConfigurationMethod(ConfigInvoker.java:385)
	at org.testng.internal.ConfigInvoker.invokeConfigurations(ConfigInvoker.java:321)
	at org.testng.internal.TestMethodWorker.invokeBeforeClassMethods(TestMethodWorker.java:176)
	at org.testng.internal.TestMethodWorker.run(TestMethodWorker.java:122)
	at java.base/java.util.ArrayList.forEach(ArrayList.java:1541)
	at org.testng.TestRunner.privateRun(TestRunner.java:794)
	at org.testng.TestRunner.run(TestRunner.java:596)
	at org.testng.SuiteRunner.runTest(SuiteRunner.java:377)
	at org.testng.SuiteRunner.runSequentially(SuiteRunner.java:371)
	at org.testng.SuiteRunner.privateRun(SuiteRunner.java:332)
	at org.testng.SuiteRunner.run(SuiteRunner.java:276)
	at org.testng.SuiteRunnerWorker.runSuite(SuiteRunnerWorker.java:53)
	at org.testng.SuiteRunnerWorker.run(SuiteRunnerWorker.java:96)
	at org.testng.TestNG.runSuitesSequentially(TestNG.java:1212)
	at org.testng.TestNG.runSuitesLocally(TestNG.java:1134)
	at org.testng.TestNG.runSuites(TestNG.java:1063)
	at org.testng.TestNG.run(TestNG.java:1031)
	at org.testng.remote.AbstractRemoteTestNG.run(AbstractRemoteTestNG.java:115)
	at org.testng.remote.RemoteTestNG.initAndRun(RemoteTestNG.java:251)
	at org.testng.remote.RemoteTestNG.main(RemoteTestNG.java:77)
2021-07-30 17:34:25,216 DEBUG [PlatformDependent0] java.nio.DirectByteBuffer.<init>(long, int): unavailable 
2021-07-30 17:34:25,217 DEBUG [PlatformDependent] sun.misc.Unsafe: available 
2021-07-30 17:34:25,279 DEBUG [PlatformDependent] maxDirectMemory: 3072327680 bytes (maybe) 
2021-07-30 17:34:25,280 DEBUG [PlatformDependent] -Dio.netty.tmpdir: C:\Users\STANDD~1\AppData\Local\Temp (java.io.tmpdir) 
2021-07-30 17:34:25,280 DEBUG [PlatformDependent] -Dio.netty.bitMode: 64 (sun.arch.data.model) 
2021-07-30 17:34:25,282 DEBUG [PlatformDependent] -Dio.netty.maxDirectMemory: -1 bytes 
2021-07-30 17:34:25,282 DEBUG [PlatformDependent] -Dio.netty.uninitializedArrayAllocationThreshold: -1 
2021-07-30 17:34:25,284 DEBUG [CleanerJava9] java.nio.ByteBuffer.cleaner(): available 
2021-07-30 17:34:25,285 DEBUG [PlatformDependent] -Dio.netty.noPreferDirect: false 
2021-07-30 17:34:25,302 DEBUG [PlatformDependent] org.jctools-core.MpscChunkedArrayQueue: available 
2021-07-30 17:34:25,498 DEBUG [InternalThreadLocalMap] -Dio.netty.threadLocalMap.stringBuilder.initialSize: 1024 
2021-07-30 17:34:25,498 DEBUG [InternalThreadLocalMap] -Dio.netty.threadLocalMap.stringBuilder.maxSize: 4096 
2021-07-30 17:34:25,956 DEBUG [JdkSslContext] Default protocols (JDK): [TLSv1.3, TLSv1.2]  
2021-07-30 17:34:25,957 DEBUG [JdkSslContext] Default cipher suites (JDK): [TLS_ECDHE_ECDSA_WITH_AES_256_GCM_SHA384, TLS_ECDHE_ECDSA_WITH_AES_128_GCM_SHA256, TLS_ECDHE_RSA_WITH_AES_128_GCM_SHA256, TLS_ECDHE_RSA_WITH_AES_256_GCM_SHA384, TLS_ECDHE_RSA_WITH_AES_128_CBC_SHA, TLS_ECDHE_RSA_WITH_AES_256_CBC_SHA, TLS_RSA_WITH_AES_128_GCM_SHA256, TLS_RSA_WITH_AES_128_CBC_SHA, TLS_RSA_WITH_AES_256_CBC_SHA, TLS_AES_128_GCM_SHA256, TLS_AES_256_GCM_SHA384] 
2021-07-30 17:34:26,164 DEBUG [MultithreadEventLoopGroup] -Dio.netty.eventLoopThreads: 8 
2021-07-30 17:34:26,233 DEBUG [NioEventLoop] -Dio.netty.noKeySetOptimization: false 
2021-07-30 17:34:26,234 DEBUG [NioEventLoop] -Dio.netty.selectorAutoRebuildThreshold: 512 
2021-07-30 17:34:26,613 DEBUG [PooledByteBufAllocator] -Dio.netty.allocator.numHeapArenas: 8 
2021-07-30 17:34:26,613 DEBUG [PooledByteBufAllocator] -Dio.netty.allocator.numDirectArenas: 8 
2021-07-30 17:34:26,614 DEBUG [PooledByteBufAllocator] -Dio.netty.allocator.pageSize: 8192 
2021-07-30 17:34:26,614 DEBUG [PooledByteBufAllocator] -Dio.netty.allocator.maxOrder: 11 
2021-07-30 17:34:26,614 DEBUG [PooledByteBufAllocator] -Dio.netty.allocator.chunkSize: 16777216 
2021-07-30 17:34:26,615 DEBUG [PooledByteBufAllocator] -Dio.netty.allocator.smallCacheSize: 256 
2021-07-30 17:34:26,615 DEBUG [PooledByteBufAllocator] -Dio.netty.allocator.normalCacheSize: 64 
2021-07-30 17:34:26,615 DEBUG [PooledByteBufAllocator] -Dio.netty.allocator.maxCachedBufferCapacity: 32768 
2021-07-30 17:34:26,615 DEBUG [PooledByteBufAllocator] -Dio.netty.allocator.cacheTrimInterval: 8192 
2021-07-30 17:34:26,616 DEBUG [PooledByteBufAllocator] -Dio.netty.allocator.cacheTrimIntervalMillis: 0 
2021-07-30 17:34:26,616 DEBUG [PooledByteBufAllocator] -Dio.netty.allocator.useCacheForAllThreads: true 
2021-07-30 17:34:26,616 DEBUG [PooledByteBufAllocator] -Dio.netty.allocator.maxCachedByteBuffersPerChunk: 1023 
2021-07-30 17:34:26,637 DEBUG [ByteBufUtil] -Dio.netty.allocator.type: pooled 
2021-07-30 17:34:26,647 DEBUG [ByteBufUtil] -Dio.netty.threadLocalDirectBufferSize: 0 
2021-07-30 17:34:26,647 DEBUG [ByteBufUtil] -Dio.netty.maxThreadLocalCharBufferSize: 16384 
2021-07-30 17:34:29,861 DEBUG [DefaultChannelId] -Dio.netty.processId: 13432 (auto-detected) 
2021-07-30 17:34:29,866 DEBUG [NetUtil] -Djava.net.preferIPv4Stack: false 
2021-07-30 17:34:29,866 DEBUG [NetUtil] -Djava.net.preferIPv6Addresses: false 
2021-07-30 17:34:30,231 DEBUG [NetUtilInitializations] Loopback interface: lo (Software Loopback Interface 1, 127.0.0.1) 
2021-07-30 17:34:30,233 DEBUG [NetUtil] Failed to get SOMAXCONN from sysctl and file \proc\sys\net\core\somaxconn. Default: 200 
2021-07-30 17:34:30,611 DEBUG [DefaultChannelId] -Dio.netty.machineId: 84:ef:18:ff:fe:1e:b3:24 (auto-detected) 
2021-07-30 17:34:30,850 DEBUG [AbstractByteBuf] -Dio.netty.buffer.checkAccessible: true 
2021-07-30 17:34:30,851 DEBUG [AbstractByteBuf] -Dio.netty.buffer.checkBounds: true 
2021-07-30 17:34:30,852 DEBUG [ResourceLeakDetectorFactory] Loaded default ResourceLeakDetector: io.netty.util.ResourceLeakDetector@3339b18c 
2021-07-30 17:34:30,973 DEBUG [Recycler] -Dio.netty.recycler.maxCapacityPerThread: 4096 
2021-07-30 17:34:30,973 DEBUG [Recycler] -Dio.netty.recycler.maxSharedCapacityFactor: 2 
2021-07-30 17:34:30,974 DEBUG [Recycler] -Dio.netty.recycler.linkCapacity: 16 
2021-07-30 17:34:30,974 DEBUG [Recycler] -Dio.netty.recycler.ratio: 8 
2021-07-30 17:34:30,974 DEBUG [Recycler] -Dio.netty.recycler.delayedQueue.ratio: 8 
2021-07-30 17:34:45,742 DEBUG [ThreadLocalRandom] -Dio.netty.initialSeedUniquifier: 0xa32bf14da40c56b7 
2021-07-30 17:35:09,908 INFO  [LoginService] User logged into Crm Application 
